<?xml version="1.0" encoding="UTF-8"?><testsuite name="tests" tests="2" errors="0" failures="0" time="16.351"><testcase classname="tests.tests" name="TestExample.Test.test_basic_example" time="7.729"/><testcase classname="tests.tests" name="TestExample.Test.test_example_using_abstract_interfaces" time="8.620"/><system-out><![CDATA[]]></system-out><system-err><![CDATA[]]></system-err></testsuite>